[2026-07-13T11:52:53.987+0000] {manager.py:470} INFO - Processing files using up to 1 processes at a time 
[2026-07-13T11:52:53.989+0000] {manager.py:471} INFO - Process each file at most once every 30 seconds
[2026-07-13T11:52:53.989+0000] {manager.py:472} INFO - Checking for new files in /opt/airflow/dags every 300 seconds
[2026-07-13T11:52:53.990+0000] {manager.py:737} INFO - Searching for files in /opt/airflow/dags
[2026-07-13T11:52:54.001+0000] {manager.py:740} INFO - There are 1 files in /opt/airflow/dags
[2026-07-13T11:53:43.013+0000] {manager.py:878} INFO - 
================================================================================
DAG File Processing Stats

File Path                                PID    Runtime      # DAGs    # Errors  Last Runtime    Last Run
---------------------------------------  -----  ---------  --------  ----------  --------------  -------------------
/opt/airflow/dags/olist_pipeline_dag.py                           1           0  48.62s          2026-07-13T11:53:43
================================================================================
[2026-07-13T11:54:50.532+0000] {manager.py:878} INFO - 
================================================================================
DAG File Processing Stats

File Path                                PID    Runtime      # DAGs    # Errors  Last Runtime    Last Run
---------------------------------------  -----  ---------  --------  ----------  --------------  -------------------
/opt/airflow/dags/olist_pipeline_dag.py                           1           0  33.88s          2026-07-13T11:54:50
================================================================================
[2026-07-13T11:55:20.478+0000] {manager.py:878} INFO - 
================================================================================
DAG File Processing Stats

File Path                                PID    Runtime      # DAGs    # Errors  Last Runtime    Last Run
---------------------------------------  -----  ---------  --------  ----------  --------------  -------------------
/opt/airflow/dags/olist_pipeline_dag.py                           1           0  33.88s          2026-07-13T11:54:50
================================================================================
[2026-07-13T11:55:49.744+0000] {manager.py:878} INFO - 
================================================================================
DAG File Processing Stats

File Path                                PID    Runtime      # DAGs    # Errors  Last Runtime    Last Run
---------------------------------------  -----  ---------  --------  ----------  --------------  -------------------
/opt/airflow/dags/olist_pipeline_dag.py                           1           0  -0.54s          2026-07-13T11:55:20
================================================================================
[2026-07-13T11:56:18.929+0000] {manager.py:878} INFO - 
================================================================================
DAG File Processing Stats

File Path                                PID    Runtime      # DAGs    # Errors  Last Runtime    Last Run
---------------------------------------  -----  ---------  --------  ----------  --------------  -------------------
/opt/airflow/dags/olist_pipeline_dag.py                           1           0  0.21s           2026-07-13T11:55:51
================================================================================
[2026-07-13T11:56:48.123+0000] {manager.py:878} INFO - 
================================================================================
DAG File Processing Stats

File Path                                PID    Runtime      # DAGs    # Errors  Last Runtime    Last Run
---------------------------------------  -----  ---------  --------  ----------  --------------  -------------------
/opt/airflow/dags/olist_pipeline_dag.py                           1           0  0.21s           2026-07-13T11:56:21
================================================================================
[2026-07-13T11:57:16.897+0000] {manager.py:878} INFO - 
================================================================================
DAG File Processing Stats

File Path                                PID    Runtime      # DAGs    # Errors  Last Runtime    Last Run
---------------------------------------  -----  ---------  --------  ----------  --------------  -------------------
/opt/airflow/dags/olist_pipeline_dag.py                           1           0  0.31s           2026-07-13T11:56:52
================================================================================
[2026-07-13T11:57:46.168+0000] {manager.py:878} INFO - 
================================================================================
DAG File Processing Stats

File Path                                PID    Runtime      # DAGs    # Errors  Last Runtime    Last Run
---------------------------------------  -----  ---------  --------  ----------  --------------  -------------------
/opt/airflow/dags/olist_pipeline_dag.py                           1           0  0.21s           2026-07-13T11:57:23
================================================================================
[2026-07-13T11:57:55.087+0000] {manager.py:737} INFO - Searching for files in /opt/airflow/dags
[2026-07-13T11:57:55.110+0000] {manager.py:740} INFO - There are 1 files in /opt/airflow/dags
[2026-07-13T11:58:15.381+0000] {manager.py:878} INFO - 
================================================================================
DAG File Processing Stats

File Path                                PID    Runtime      # DAGs    # Errors  Last Runtime    Last Run
---------------------------------------  -----  ---------  --------  ----------  --------------  -------------------
/opt/airflow/dags/olist_pipeline_dag.py                           1           0  0.31s           2026-07-13T11:57:54
================================================================================
[2026-07-13T11:58:46.057+0000] {manager.py:878} INFO - 
================================================================================
DAG File Processing Stats

File Path                                PID    Runtime      # DAGs    # Errors  Last Runtime    Last Run
---------------------------------------  -----  ---------  --------  ----------  --------------  -------------------
/opt/airflow/dags/olist_pipeline_dag.py                           1           0  0.76s           2026-07-13T11:58:25
================================================================================
[2026-07-13T11:59:15.455+0000] {manager.py:878} INFO - 
================================================================================
DAG File Processing Stats

File Path                                PID    Runtime      # DAGs    # Errors  Last Runtime    Last Run
---------------------------------------  -----  ---------  --------  ----------  --------------  -------------------
/opt/airflow/dags/olist_pipeline_dag.py                           1           0  1.28s           2026-07-13T11:58:57
================================================================================
[2026-07-13T11:59:44.652+0000] {manager.py:878} INFO - 
================================================================================
DAG File Processing Stats

File Path                                PID    Runtime      # DAGs    # Errors  Last Runtime    Last Run
---------------------------------------  -----  ---------  --------  ----------  --------------  -------------------
/opt/airflow/dags/olist_pipeline_dag.py                           1           0  -0.29s          2026-07-13T11:59:27
================================================================================
[2026-07-13T12:00:13.842+0000] {manager.py:878} INFO - 
================================================================================
DAG File Processing Stats

File Path                                PID    Runtime      # DAGs    # Errors  Last Runtime    Last Run
---------------------------------------  -----  ---------  --------  ----------  --------------  -------------------
/opt/airflow/dags/olist_pipeline_dag.py                           1           0  0.41s           2026-07-13T11:59:58
================================================================================
[2026-07-13T12:00:43.039+0000] {manager.py:878} INFO - 
================================================================================
DAG File Processing Stats

File Path                                PID    Runtime      # DAGs    # Errors  Last Runtime    Last Run
---------------------------------------  -----  ---------  --------  ----------  --------------  -------------------
/opt/airflow/dags/olist_pipeline_dag.py                           1           0  0.31s           2026-07-13T12:00:29
================================================================================
[2026-07-13T12:01:12.250+0000] {manager.py:878} INFO - 
================================================================================
DAG File Processing Stats

File Path                                PID    Runtime      # DAGs    # Errors  Last Runtime    Last Run
---------------------------------------  -----  ---------  --------  ----------  --------------  -------------------
/opt/airflow/dags/olist_pipeline_dag.py                           1           0  0.21s           2026-07-13T12:01:00
================================================================================
[2026-07-13T12:01:41.470+0000] {manager.py:878} INFO - 
================================================================================
DAG File Processing Stats

File Path                                PID    Runtime      # DAGs    # Errors  Last Runtime    Last Run
---------------------------------------  -----  ---------  --------  ----------  --------------  -------------------
/opt/airflow/dags/olist_pipeline_dag.py                           1           0  0.32s           2026-07-13T12:01:30
================================================================================
[2026-07-13T12:02:11.177+0000] {manager.py:878} INFO - 
================================================================================
DAG File Processing Stats

File Path                                PID    Runtime      # DAGs    # Errors  Last Runtime    Last Run
---------------------------------------  -----  ---------  --------  ----------  --------------  -------------------
/opt/airflow/dags/olist_pipeline_dag.py                           1           0  0.31s           2026-07-13T12:02:01
================================================================================
[2026-07-13T12:02:40.227+0000] {manager.py:878} INFO - 
================================================================================
DAG File Processing Stats

File Path                                PID    Runtime      # DAGs    # Errors  Last Runtime    Last Run
---------------------------------------  -----  ---------  --------  ----------  --------------  -------------------
/opt/airflow/dags/olist_pipeline_dag.py                           1           0  0.21s           2026-07-13T12:02:32
================================================================================
[2026-07-13T12:02:55.183+0000] {manager.py:737} INFO - Searching for files in /opt/airflow/dags
[2026-07-13T12:02:55.204+0000] {manager.py:740} INFO - There are 1 files in /opt/airflow/dags
[2026-07-13T12:03:09.465+0000] {manager.py:878} INFO - 
================================================================================
DAG File Processing Stats

File Path                                PID    Runtime      # DAGs    # Errors  Last Runtime    Last Run
---------------------------------------  -----  ---------  --------  ----------  --------------  -------------------
/opt/airflow/dags/olist_pipeline_dag.py                           1           0  0.21s           2026-07-13T12:03:02
================================================================================
[2026-07-13T12:03:38.760+0000] {manager.py:878} INFO - 
================================================================================
DAG File Processing Stats

File Path                                PID    Runtime      # DAGs    # Errors  Last Runtime    Last Run
---------------------------------------  -----  ---------  --------  ----------  --------------  -------------------
/opt/airflow/dags/olist_pipeline_dag.py                           1           0  0.21s           2026-07-13T12:03:32
================================================================================
[2026-07-13T12:04:07.988+0000] {manager.py:878} INFO - 
================================================================================
DAG File Processing Stats

File Path                                PID    Runtime      # DAGs    # Errors  Last Runtime    Last Run
---------------------------------------  -----  ---------  --------  ----------  --------------  -------------------
/opt/airflow/dags/olist_pipeline_dag.py                           1           0  0.21s           2026-07-13T12:04:03
================================================================================
[2026-07-13T12:04:37.206+0000] {manager.py:878} INFO - 
================================================================================
DAG File Processing Stats

File Path                                PID    Runtime      # DAGs    # Errors  Last Runtime    Last Run
---------------------------------------  -----  ---------  --------  ----------  --------------  -------------------
/opt/airflow/dags/olist_pipeline_dag.py                           1           0  0.31s           2026-07-13T12:04:33
================================================================================
[2026-07-13T12:05:06.414+0000] {manager.py:878} INFO - 
================================================================================
DAG File Processing Stats

File Path                                PID    Runtime      # DAGs    # Errors  Last Runtime    Last Run
---------------------------------------  -----  ---------  --------  ----------  --------------  -------------------
/opt/airflow/dags/olist_pipeline_dag.py                           1           0  0.21s           2026-07-13T12:05:04
================================================================================
[2026-07-13T12:05:35.633+0000] {manager.py:878} INFO - 
================================================================================
DAG File Processing Stats

File Path                                PID    Runtime      # DAGs    # Errors  Last Runtime    Last Run
---------------------------------------  -----  ---------  --------  ----------  --------------  -------------------
/opt/airflow/dags/olist_pipeline_dag.py                           1           0  0.21s           2026-07-13T12:05:35
================================================================================
[2026-07-13T12:06:04.849+0000] {manager.py:878} INFO - 
================================================================================
DAG File Processing Stats

File Path                                PID    Runtime      # DAGs    # Errors  Last Runtime    Last Run
---------------------------------------  -----  ---------  --------  ----------  --------------  -------------------
/opt/airflow/dags/olist_pipeline_dag.py                           1           0  0.21s           2026-07-13T12:05:35
================================================================================
[2026-07-13T12:06:34.060+0000] {manager.py:878} INFO - 
================================================================================
DAG File Processing Stats

File Path                                PID    Runtime      # DAGs    # Errors  Last Runtime    Last Run
---------------------------------------  -----  ---------  --------  ----------  --------------  -------------------
/opt/airflow/dags/olist_pipeline_dag.py                           1           0  0.21s           2026-07-13T12:06:06
================================================================================
[2026-07-13T12:07:03.247+0000] {manager.py:878} INFO - 
================================================================================
DAG File Processing Stats

File Path                                PID    Runtime      # DAGs    # Errors  Last Runtime    Last Run
---------------------------------------  -----  ---------  --------  ----------  --------------  -------------------
/opt/airflow/dags/olist_pipeline_dag.py                           1           0  0.21s           2026-07-13T12:06:36
================================================================================
[2026-07-13T12:07:32.468+0000] {manager.py:878} INFO - 
================================================================================
DAG File Processing Stats

File Path                                PID    Runtime      # DAGs    # Errors  Last Runtime    Last Run
---------------------------------------  -----  ---------  --------  ----------  --------------  -------------------
/opt/airflow/dags/olist_pipeline_dag.py                           1           0  0.21s           2026-07-13T12:07:06
================================================================================
[2026-07-13T12:07:55.280+0000] {manager.py:737} INFO - Searching for files in /opt/airflow/dags
[2026-07-13T12:07:55.298+0000] {manager.py:740} INFO - There are 1 files in /opt/airflow/dags
[2026-07-13T12:08:01.676+0000] {manager.py:878} INFO - 
================================================================================
DAG File Processing Stats

File Path                                PID    Runtime      # DAGs    # Errors  Last Runtime    Last Run
---------------------------------------  -----  ---------  --------  ----------  --------------  -------------------
/opt/airflow/dags/olist_pipeline_dag.py                           1           0  0.21s           2026-07-13T12:07:37
================================================================================
[2026-07-13T12:08:30.920+0000] {manager.py:878} INFO - 
================================================================================
DAG File Processing Stats

File Path                                PID    Runtime      # DAGs    # Errors  Last Runtime    Last Run
---------------------------------------  -----  ---------  --------  ----------  --------------  -------------------
/opt/airflow/dags/olist_pipeline_dag.py                           1           0  0.61s           2026-07-13T12:08:08
================================================================================
[2026-07-13T12:09:00.134+0000] {manager.py:878} INFO - 
================================================================================
DAG File Processing Stats

File Path                                PID    Runtime      # DAGs    # Errors  Last Runtime    Last Run
---------------------------------------  -----  ---------  --------  ----------  --------------  -------------------
/opt/airflow/dags/olist_pipeline_dag.py                           1           0  0.21s           2026-07-13T12:08:38
================================================================================
[2026-07-13T12:09:29.332+0000] {manager.py:878} INFO - 
================================================================================
DAG File Processing Stats

File Path                                PID    Runtime      # DAGs    # Errors  Last Runtime    Last Run
---------------------------------------  -----  ---------  --------  ----------  --------------  -------------------
/opt/airflow/dags/olist_pipeline_dag.py                           1           0  0.21s           2026-07-13T12:09:09
================================================================================
[2026-07-13T12:09:58.540+0000] {manager.py:878} INFO - 
================================================================================
DAG File Processing Stats

File Path                                PID    Runtime      # DAGs    # Errors  Last Runtime    Last Run
---------------------------------------  -----  ---------  --------  ----------  --------------  -------------------
/opt/airflow/dags/olist_pipeline_dag.py                           1           0  0.21s           2026-07-13T12:09:39
================================================================================
[2026-07-13T12:10:27.747+0000] {manager.py:878} INFO - 
================================================================================
DAG File Processing Stats

File Path                                PID    Runtime      # DAGs    # Errors  Last Runtime    Last Run
---------------------------------------  -----  ---------  --------  ----------  --------------  -------------------
/opt/airflow/dags/olist_pipeline_dag.py                           1           0  0.21s           2026-07-13T12:10:10
================================================================================
[2026-07-13T12:10:56.938+0000] {manager.py:878} INFO - 
================================================================================
DAG File Processing Stats

File Path                                PID    Runtime      # DAGs    # Errors  Last Runtime    Last Run
---------------------------------------  -----  ---------  --------  ----------  --------------  -------------------
/opt/airflow/dags/olist_pipeline_dag.py                           1           0  0.42s           2026-07-13T12:10:40
================================================================================
[2026-07-13T12:11:26.412+0000] {manager.py:878} INFO - 
================================================================================
DAG File Processing Stats

File Path                                PID    Runtime      # DAGs    # Errors  Last Runtime    Last Run
---------------------------------------  -----  ---------  --------  ----------  --------------  -------------------
/opt/airflow/dags/olist_pipeline_dag.py                           1           0  0.21s           2026-07-13T12:11:11
================================================================================
[2026-07-13T12:11:55.630+0000] {manager.py:878} INFO - 
================================================================================
DAG File Processing Stats

File Path                                PID    Runtime      # DAGs    # Errors  Last Runtime    Last Run
---------------------------------------  -----  ---------  --------  ----------  --------------  -------------------
/opt/airflow/dags/olist_pipeline_dag.py                           1           0  0.31s           2026-07-13T12:11:41
================================================================================
[2026-07-13T12:12:24.839+0000] {manager.py:878} INFO - 
================================================================================
DAG File Processing Stats

File Path                                PID    Runtime      # DAGs    # Errors  Last Runtime    Last Run
---------------------------------------  -----  ---------  --------  ----------  --------------  -------------------
/opt/airflow/dags/olist_pipeline_dag.py                           1           0  0.31s           2026-07-13T12:12:13
================================================================================
[2026-07-13T12:12:54.041+0000] {manager.py:878} INFO - 
================================================================================
DAG File Processing Stats

File Path                                PID    Runtime      # DAGs    # Errors  Last Runtime    Last Run
---------------------------------------  -----  ---------  --------  ----------  --------------  -------------------
/opt/airflow/dags/olist_pipeline_dag.py                           1           0  0.21s           2026-07-13T12:12:43
================================================================================
[2026-07-13T12:12:56.102+0000] {manager.py:737} INFO - Searching for files in /opt/airflow/dags
[2026-07-13T12:12:56.118+0000] {manager.py:740} INFO - There are 1 files in /opt/airflow/dags
[2026-07-13T12:13:23.587+0000] {manager.py:878} INFO - 
================================================================================
DAG File Processing Stats

File Path                                PID    Runtime      # DAGs    # Errors  Last Runtime    Last Run
---------------------------------------  -----  ---------  --------  ----------  --------------  -------------------
/opt/airflow/dags/olist_pipeline_dag.py                           1           0  0.21s           2026-07-13T12:13:14
================================================================================
[2026-07-13T12:13:52.896+0000] {manager.py:878} INFO - 
================================================================================
DAG File Processing Stats

File Path                                PID    Runtime      # DAGs    # Errors  Last Runtime    Last Run
---------------------------------------  -----  ---------  --------  ----------  --------------  -------------------
/opt/airflow/dags/olist_pipeline_dag.py                           1           0  0.21s           2026-07-13T12:13:45
================================================================================
[2026-07-13T12:14:22.112+0000] {manager.py:878} INFO - 
================================================================================
DAG File Processing Stats

File Path                                PID    Runtime      # DAGs    # Errors  Last Runtime    Last Run
---------------------------------------  -----  ---------  --------  ----------  --------------  -------------------
/opt/airflow/dags/olist_pipeline_dag.py                           1           0  0.21s           2026-07-13T12:14:15
================================================================================
[2026-07-13T12:14:51.360+0000] {manager.py:878} INFO - 
================================================================================
DAG File Processing Stats

File Path                                PID    Runtime      # DAGs    # Errors  Last Runtime    Last Run
---------------------------------------  -----  ---------  --------  ----------  --------------  -------------------
/opt/airflow/dags/olist_pipeline_dag.py                           1           0  0.21s           2026-07-13T12:14:46
================================================================================
[2026-07-13T12:15:20.559+0000] {manager.py:878} INFO - 
================================================================================
DAG File Processing Stats

File Path                                PID    Runtime      # DAGs    # Errors  Last Runtime    Last Run
---------------------------------------  -----  ---------  --------  ----------  --------------  -------------------
/opt/airflow/dags/olist_pipeline_dag.py                           1           0  0.21s           2026-07-13T12:15:17
================================================================================
[2026-07-13T12:15:57.103+0000] {manager.py:470} INFO - Processing files using up to 1 processes at a time 
[2026-07-13T12:15:57.104+0000] {manager.py:471} INFO - Process each file at most once every 30 seconds
[2026-07-13T12:15:57.105+0000] {manager.py:472} INFO - Checking for new files in /opt/airflow/dags every 300 seconds
[2026-07-13T12:15:57.106+0000] {manager.py:737} INFO - Searching for files in /opt/airflow/dags
[2026-07-13T12:15:57.127+0000] {manager.py:740} INFO - There are 1 files in /opt/airflow/dags
[2026-07-13T12:16:03.488+0000] {manager.py:878} INFO - 
================================================================================
DAG File Processing Stats

File Path                                PID    Runtime      # DAGs    # Errors  Last Runtime    Last Run
---------------------------------------  -----  ---------  --------  ----------  --------------  -------------------
/opt/airflow/dags/olist_pipeline_dag.py                           1           0  5.97s           2026-07-13T12:16:03
================================================================================
[2026-07-13T12:18:14.520+0000] {manager.py:878} INFO - 
================================================================================
DAG File Processing Stats

File Path                                PID    Runtime      # DAGs    # Errors  Last Runtime    Last Run
---------------------------------------  -----  ---------  --------  ----------  --------------  -------------------
/opt/airflow/dags/olist_pipeline_dag.py                           1           0  61.29s          2026-07-13T12:18:14
================================================================================
[2026-07-13T12:18:43.692+0000] {manager.py:878} INFO - 
================================================================================
DAG File Processing Stats

File Path                                PID    Runtime      # DAGs    # Errors  Last Runtime    Last Run
---------------------------------------  -----  ---------  --------  ----------  --------------  -------------------
/opt/airflow/dags/olist_pipeline_dag.py                           1           0  61.29s          2026-07-13T12:18:14
================================================================================
[2026-07-13T12:19:12.917+0000] {manager.py:878} INFO - 
================================================================================
DAG File Processing Stats

File Path                                PID    Runtime      # DAGs    # Errors  Last Runtime    Last Run
---------------------------------------  -----  ---------  --------  ----------  --------------  -------------------
/opt/airflow/dags/olist_pipeline_dag.py                           1           0  0.21s           2026-07-13T12:18:45
================================================================================
[2026-07-13T12:19:42.151+0000] {manager.py:878} INFO - 
================================================================================
DAG File Processing Stats

File Path                                PID    Runtime      # DAGs    # Errors  Last Runtime    Last Run
---------------------------------------  -----  ---------  --------  ----------  --------------  -------------------
/opt/airflow/dags/olist_pipeline_dag.py                           1           0  0.21s           2026-07-13T12:19:15
================================================================================
[2026-07-13T12:20:11.379+0000] {manager.py:878} INFO - 
================================================================================
DAG File Processing Stats

File Path                                PID    Runtime      # DAGs    # Errors  Last Runtime    Last Run
---------------------------------------  -----  ---------  --------  ----------  --------------  -------------------
/opt/airflow/dags/olist_pipeline_dag.py                           1           0  0.21s           2026-07-13T12:19:46
================================================================================
[2026-07-13T12:20:40.231+0000] {manager.py:878} INFO - 
================================================================================
DAG File Processing Stats

File Path                                PID    Runtime      # DAGs    # Errors  Last Runtime    Last Run
---------------------------------------  -----  ---------  --------  ----------  --------------  -------------------
/opt/airflow/dags/olist_pipeline_dag.py                           1           0  0.31s           2026-07-13T12:20:16
================================================================================
[2026-07-13T12:20:57.347+0000] {manager.py:737} INFO - Searching for files in /opt/airflow/dags
[2026-07-13T12:20:57.362+0000] {manager.py:740} INFO - There are 1 files in /opt/airflow/dags
[2026-07-13T12:21:09.876+0000] {manager.py:878} INFO - 
================================================================================
DAG File Processing Stats

File Path                                PID    Runtime      # DAGs    # Errors  Last Runtime    Last Run
---------------------------------------  -----  ---------  --------  ----------  --------------  -------------------
/opt/airflow/dags/olist_pipeline_dag.py                           1           0  0.21s           2026-07-13T12:20:47
================================================================================
[2026-07-13T12:21:38.672+0000] {manager.py:878} INFO - 
================================================================================
DAG File Processing Stats

File Path                                PID    Runtime      # DAGs    # Errors  Last Runtime    Last Run
---------------------------------------  -----  ---------  --------  ----------  --------------  -------------------
/opt/airflow/dags/olist_pipeline_dag.py                           1           0  0.21s           2026-07-13T12:21:17
================================================================================
[2026-07-13T12:25:50.198+0000] {manager.py:470} INFO - Processing files using up to 1 processes at a time 
[2026-07-13T12:25:50.206+0000] {manager.py:471} INFO - Process each file at most once every 30 seconds
[2026-07-13T12:25:50.207+0000] {manager.py:472} INFO - Checking for new files in /opt/airflow/dags every 300 seconds
[2026-07-13T12:25:50.209+0000] {manager.py:737} INFO - Searching for files in /opt/airflow/dags
[2026-07-13T12:25:50.242+0000] {manager.py:740} INFO - There are 1 files in /opt/airflow/dags
[2026-07-13T12:25:51.319+0000] {manager.py:878} INFO - 
================================================================================
DAG File Processing Stats

File Path                                PID    Runtime      # DAGs    # Errors  Last Runtime    Last Run
---------------------------------------  -----  ---------  --------  ----------  --------------  -------------------
/opt/airflow/dags/olist_pipeline_dag.py                           1           0  0.33s           2026-07-13T12:25:51
================================================================================
[2026-07-13T12:26:20.991+0000] {manager.py:878} INFO - 
================================================================================
DAG File Processing Stats

File Path                                PID    Runtime      # DAGs    # Errors  Last Runtime    Last Run
---------------------------------------  -----  ---------  --------  ----------  --------------  -------------------
/opt/airflow/dags/olist_pipeline_dag.py                           1           0  0.33s           2026-07-13T12:25:51
================================================================================
[2026-07-13T12:26:50.366+0000] {manager.py:878} INFO - 
================================================================================
DAG File Processing Stats

File Path                                PID    Runtime      # DAGs    # Errors  Last Runtime    Last Run
---------------------------------------  -----  ---------  --------  ----------  --------------  -------------------
/opt/airflow/dags/olist_pipeline_dag.py                           1           0  0.32s           2026-07-13T12:26:22
================================================================================
[2026-07-13T12:27:19.820+0000] {manager.py:878} INFO - 
================================================================================
DAG File Processing Stats

File Path                                PID    Runtime      # DAGs    # Errors  Last Runtime    Last Run
---------------------------------------  -----  ---------  --------  ----------  --------------  -------------------
/opt/airflow/dags/olist_pipeline_dag.py                           1           0  0.76s           2026-07-13T12:26:53
================================================================================
[2026-07-13T12:27:49.863+0000] {manager.py:878} INFO - 
================================================================================
DAG File Processing Stats

File Path                                PID    Runtime      # DAGs    # Errors  Last Runtime    Last Run
---------------------------------------  -----  ---------  --------  ----------  --------------  -------------------
/opt/airflow/dags/olist_pipeline_dag.py                           1           0  0.32s           2026-07-13T12:27:24
================================================================================
[2026-07-13T12:31:11.250+0000] {manager.py:470} INFO - Processing files using up to 1 processes at a time 
[2026-07-13T12:31:11.253+0000] {manager.py:471} INFO - Process each file at most once every 30 seconds
[2026-07-13T12:31:11.254+0000] {manager.py:472} INFO - Checking for new files in /opt/airflow/dags every 300 seconds
[2026-07-13T12:31:11.255+0000] {manager.py:737} INFO - Searching for files in /opt/airflow/dags
[2026-07-13T12:31:11.281+0000] {manager.py:740} INFO - There are 1 files in /opt/airflow/dags
[2026-07-13T12:31:12.043+0000] {manager.py:878} INFO - 
================================================================================
DAG File Processing Stats

File Path                                PID    Runtime      # DAGs    # Errors  Last Runtime    Last Run
---------------------------------------  -----  ---------  --------  ----------  --------------  -------------------
/opt/airflow/dags/olist_pipeline_dag.py                           1           0  0.41s           2026-07-13T12:31:12
================================================================================
[2026-07-13T12:31:41.801+0000] {manager.py:878} INFO - 
================================================================================
DAG File Processing Stats

File Path                                PID    Runtime      # DAGs    # Errors  Last Runtime    Last Run
---------------------------------------  -----  ---------  --------  ----------  --------------  -------------------
/opt/airflow/dags/olist_pipeline_dag.py                           1           0  0.41s           2026-07-13T12:31:12
================================================================================
[2026-07-13T12:32:11.167+0000] {manager.py:878} INFO - 
================================================================================
DAG File Processing Stats

File Path                                PID    Runtime      # DAGs    # Errors  Last Runtime    Last Run
---------------------------------------  -----  ---------  --------  ----------  --------------  -------------------
/opt/airflow/dags/olist_pipeline_dag.py                           1           0  0.21s           2026-07-13T12:31:43
================================================================================
[2026-07-13T12:32:40.540+0000] {manager.py:878} INFO - 
================================================================================
DAG File Processing Stats

File Path                                PID    Runtime      # DAGs    # Errors  Last Runtime    Last Run
---------------------------------------  -----  ---------  --------  ----------  --------------  -------------------
/opt/airflow/dags/olist_pipeline_dag.py                           1           0  0.21s           2026-07-13T12:32:13
================================================================================
[2026-07-13T12:33:09.911+0000] {manager.py:878} INFO - 
================================================================================
DAG File Processing Stats

File Path                                PID    Runtime      # DAGs    # Errors  Last Runtime    Last Run
---------------------------------------  -----  ---------  --------  ----------  --------------  -------------------
/opt/airflow/dags/olist_pipeline_dag.py                           1           0  0.21s           2026-07-13T12:32:43
================================================================================
[2026-07-13T12:33:39.531+0000] {manager.py:878} INFO - 
================================================================================
DAG File Processing Stats

File Path                                PID    Runtime      # DAGs    # Errors  Last Runtime    Last Run
---------------------------------------  -----  ---------  --------  ----------  --------------  -------------------
/opt/airflow/dags/olist_pipeline_dag.py                           1           0  0.21s           2026-07-13T12:33:14
================================================================================
[2026-07-13T12:34:09.361+0000] {manager.py:878} INFO - 
================================================================================
DAG File Processing Stats

File Path                                PID    Runtime      # DAGs    # Errors  Last Runtime    Last Run
---------------------------------------  -----  ---------  --------  ----------  --------------  -------------------
/opt/airflow/dags/olist_pipeline_dag.py                           1           0  0.21s           2026-07-13T12:33:44
================================================================================
[2026-07-13T12:34:38.694+0000] {manager.py:878} INFO - 
================================================================================
DAG File Processing Stats

File Path                                PID    Runtime      # DAGs    # Errors  Last Runtime    Last Run
---------------------------------------  -----  ---------  --------  ----------  --------------  -------------------
/opt/airflow/dags/olist_pipeline_dag.py                           1           0  0.21s           2026-07-13T12:34:15
================================================================================
[2026-07-13T12:35:08.047+0000] {manager.py:878} INFO - 
================================================================================
DAG File Processing Stats

File Path                                PID    Runtime      # DAGs    # Errors  Last Runtime    Last Run
---------------------------------------  -----  ---------  --------  ----------  --------------  -------------------
/opt/airflow/dags/olist_pipeline_dag.py                           1           0  0.21s           2026-07-13T12:34:46
================================================================================
[2026-07-13T12:35:37.942+0000] {manager.py:878} INFO - 
================================================================================
DAG File Processing Stats

File Path                                PID    Runtime      # DAGs    # Errors  Last Runtime    Last Run
---------------------------------------  -----  ---------  --------  ----------  --------------  -------------------
/opt/airflow/dags/olist_pipeline_dag.py                           1           0  -0.23s          2026-07-13T12:35:16
================================================================================
[2026-07-13T12:36:07.293+0000] {manager.py:878} INFO - 
================================================================================
DAG File Processing Stats

File Path                                PID    Runtime      # DAGs    # Errors  Last Runtime    Last Run
---------------------------------------  -----  ---------  --------  ----------  --------------  -------------------
/opt/airflow/dags/olist_pipeline_dag.py                           1           0  0.21s           2026-07-13T12:35:47
================================================================================
[2026-07-13T12:36:11.298+0000] {manager.py:737} INFO - Searching for files in /opt/airflow/dags
[2026-07-13T12:36:11.315+0000] {manager.py:740} INFO - There are 1 files in /opt/airflow/dags
[2026-07-13T12:36:37.158+0000] {manager.py:878} INFO - 
================================================================================
DAG File Processing Stats

File Path                                PID    Runtime      # DAGs    # Errors  Last Runtime    Last Run
---------------------------------------  -----  ---------  --------  ----------  --------------  -------------------
/opt/airflow/dags/olist_pipeline_dag.py                           1           0  0.20s           2026-07-13T12:36:18
================================================================================
[2026-07-13T12:37:06.468+0000] {manager.py:878} INFO - 
================================================================================
DAG File Processing Stats

File Path                                PID    Runtime      # DAGs    # Errors  Last Runtime    Last Run
---------------------------------------  -----  ---------  --------  ----------  --------------  -------------------
/opt/airflow/dags/olist_pipeline_dag.py                           1           0  0.21s           2026-07-13T12:36:49
================================================================================
[2026-07-13T12:37:35.923+0000] {manager.py:878} INFO - 
================================================================================
DAG File Processing Stats

File Path                                PID    Runtime      # DAGs    # Errors  Last Runtime    Last Run
---------------------------------------  -----  ---------  --------  ----------  --------------  -------------------
/opt/airflow/dags/olist_pipeline_dag.py                           1           0  0.21s           2026-07-13T12:37:19
================================================================================
[2026-07-13T12:38:05.382+0000] {manager.py:878} INFO - 
================================================================================
DAG File Processing Stats

File Path                                PID    Runtime      # DAGs    # Errors  Last Runtime    Last Run
---------------------------------------  -----  ---------  --------  ----------  --------------  -------------------
/opt/airflow/dags/olist_pipeline_dag.py                           1           0  0.21s           2026-07-13T12:37:50
================================================================================
[2026-07-13T12:38:34.713+0000] {manager.py:878} INFO - 
================================================================================
DAG File Processing Stats

File Path                                PID    Runtime      # DAGs    # Errors  Last Runtime    Last Run
---------------------------------------  -----  ---------  --------  ----------  --------------  -------------------
/opt/airflow/dags/olist_pipeline_dag.py                           1           0  0.21s           2026-07-13T12:38:20
================================================================================
[2026-07-13T12:39:04.086+0000] {manager.py:878} INFO - 
================================================================================
DAG File Processing Stats

File Path                                PID    Runtime      # DAGs    # Errors  Last Runtime    Last Run
---------------------------------------  -----  ---------  --------  ----------  --------------  -------------------
/opt/airflow/dags/olist_pipeline_dag.py                           1           0  0.21s           2026-07-13T12:38:52
================================================================================
[2026-07-13T12:39:33.585+0000] {manager.py:878} INFO - 
================================================================================
DAG File Processing Stats

File Path                                PID    Runtime      # DAGs    # Errors  Last Runtime    Last Run
---------------------------------------  -----  ---------  --------  ----------  --------------  -------------------
/opt/airflow/dags/olist_pipeline_dag.py                           1           0  0.21s           2026-07-13T12:39:22
================================================================================
[2026-07-13T12:40:02.944+0000] {manager.py:878} INFO - 
================================================================================
DAG File Processing Stats

File Path                                PID    Runtime      # DAGs    # Errors  Last Runtime    Last Run
---------------------------------------  -----  ---------  --------  ----------  --------------  -------------------
/opt/airflow/dags/olist_pipeline_dag.py                           1           0  0.21s           2026-07-13T12:39:53
================================================================================
[2026-07-13T12:40:32.312+0000] {manager.py:878} INFO - 
================================================================================
DAG File Processing Stats

File Path                                PID    Runtime      # DAGs    # Errors  Last Runtime    Last Run
---------------------------------------  -----  ---------  --------  ----------  --------------  -------------------
/opt/airflow/dags/olist_pipeline_dag.py                           1           0  0.21s           2026-07-13T12:40:23
================================================================================
[2026-07-13T12:41:01.716+0000] {manager.py:878} INFO - 
================================================================================
DAG File Processing Stats

File Path                                PID    Runtime      # DAGs    # Errors  Last Runtime    Last Run
---------------------------------------  -----  ---------  --------  ----------  --------------  -------------------
/opt/airflow/dags/olist_pipeline_dag.py                           1           0  0.21s           2026-07-13T12:40:53
================================================================================
[2026-07-13T12:41:11.631+0000] {manager.py:737} INFO - Searching for files in /opt/airflow/dags
[2026-07-13T12:41:11.650+0000] {manager.py:740} INFO - There are 1 files in /opt/airflow/dags
[2026-07-13T12:41:31.093+0000] {manager.py:878} INFO - 
================================================================================
DAG File Processing Stats

File Path                                PID    Runtime      # DAGs    # Errors  Last Runtime    Last Run
---------------------------------------  -----  ---------  --------  ----------  --------------  -------------------
/opt/airflow/dags/olist_pipeline_dag.py                           1           0  0.21s           2026-07-13T12:41:24
================================================================================
[2026-07-13T12:42:00.783+0000] {manager.py:878} INFO - 
================================================================================
DAG File Processing Stats

File Path                                PID    Runtime      # DAGs    # Errors  Last Runtime    Last Run
---------------------------------------  -----  ---------  --------  ----------  --------------  -------------------
/opt/airflow/dags/olist_pipeline_dag.py                           1           0  0.24s           2026-07-13T12:41:54
================================================================================
[2026-07-13T12:42:30.178+0000] {manager.py:878} INFO - 
================================================================================
DAG File Processing Stats

File Path                                PID    Runtime      # DAGs    # Errors  Last Runtime    Last Run
---------------------------------------  -----  ---------  --------  ----------  --------------  -------------------
/opt/airflow/dags/olist_pipeline_dag.py                           1           0  0.21s           2026-07-13T12:42:25
================================================================================
[2026-07-13T12:42:59.670+0000] {manager.py:878} INFO - 
================================================================================
DAG File Processing Stats

File Path                                PID    Runtime      # DAGs    # Errors  Last Runtime    Last Run
---------------------------------------  -----  ---------  --------  ----------  --------------  -------------------
/opt/airflow/dags/olist_pipeline_dag.py                           1           0  0.21s           2026-07-13T12:42:56
================================================================================
[2026-07-13T12:43:29.116+0000] {manager.py:878} INFO - 
================================================================================
DAG File Processing Stats

File Path                                PID    Runtime      # DAGs    # Errors  Last Runtime    Last Run
---------------------------------------  -----  ---------  --------  ----------  --------------  -------------------
/opt/airflow/dags/olist_pipeline_dag.py                           1           0  0.21s           2026-07-13T12:43:26
================================================================================
[2026-07-13T12:44:06.927+0000] {manager.py:878} INFO - 
================================================================================
DAG File Processing Stats

File Path                                PID    Runtime      # DAGs    # Errors  Last Runtime    Last Run
---------------------------------------  -----  ---------  --------  ----------  --------------  -------------------
/opt/airflow/dags/olist_pipeline_dag.py                           1           0  0.63s           2026-07-13T12:44:06
================================================================================
[2026-07-13T12:44:48.925+0000] {manager.py:878} INFO - 
================================================================================
DAG File Processing Stats

File Path                                PID    Runtime      # DAGs    # Errors  Last Runtime    Last Run
---------------------------------------  -----  ---------  --------  ----------  --------------  -------------------
/opt/airflow/dags/olist_pipeline_dag.py                           1           0  0.42s           2026-07-13T12:44:48
================================================================================
[2026-07-13T12:45:19.202+0000] {manager.py:878} INFO - 
================================================================================
DAG File Processing Stats

File Path                                PID    Runtime      # DAGs    # Errors  Last Runtime    Last Run
---------------------------------------  -----  ---------  --------  ----------  --------------  -------------------
/opt/airflow/dags/olist_pipeline_dag.py                           1           0  0.21s           2026-07-13T12:45:19
================================================================================
[2026-07-13T12:45:49.575+0000] {manager.py:878} INFO - 
================================================================================
DAG File Processing Stats

File Path                                PID    Runtime      # DAGs    # Errors  Last Runtime    Last Run
---------------------------------------  -----  ---------  --------  ----------  --------------  -------------------
/opt/airflow/dags/olist_pipeline_dag.py                           1           0  0.21s           2026-07-13T12:45:49
================================================================================
[2026-07-13T12:46:11.902+0000] {manager.py:737} INFO - Searching for files in /opt/airflow/dags
[2026-07-13T12:46:11.921+0000] {manager.py:740} INFO - There are 1 files in /opt/airflow/dags
[2026-07-13T12:46:19.083+0000] {manager.py:878} INFO - 
================================================================================
DAG File Processing Stats

File Path                                PID    Runtime      # DAGs    # Errors  Last Runtime    Last Run
---------------------------------------  -----  ---------  --------  ----------  --------------  -------------------
/opt/airflow/dags/olist_pipeline_dag.py                           1           0  0.21s           2026-07-13T12:45:49
================================================================================
[2026-07-13T12:46:48.840+0000] {manager.py:878} INFO - 
================================================================================
DAG File Processing Stats

File Path                                PID    Runtime      # DAGs    # Errors  Last Runtime    Last Run
---------------------------------------  -----  ---------  --------  ----------  --------------  -------------------
/opt/airflow/dags/olist_pipeline_dag.py                           1           0  0.21s           2026-07-13T12:46:20
================================================================================
[2026-07-13T12:47:18.021+0000] {manager.py:878} INFO - 
================================================================================
DAG File Processing Stats

File Path                                PID    Runtime      # DAGs    # Errors  Last Runtime    Last Run
---------------------------------------  -----  ---------  --------  ----------  --------------  -------------------
/opt/airflow/dags/olist_pipeline_dag.py                           1           0  0.21s           2026-07-13T12:46:51
================================================================================
[2026-07-13T12:47:47.517+0000] {manager.py:878} INFO - 
================================================================================
DAG File Processing Stats

File Path                                PID    Runtime      # DAGs    # Errors  Last Runtime    Last Run
---------------------------------------  -----  ---------  --------  ----------  --------------  -------------------
/opt/airflow/dags/olist_pipeline_dag.py                           1           0  0.21s           2026-07-13T12:47:22
================================================================================
[2026-07-13T12:48:16.989+0000] {manager.py:878} INFO - 
================================================================================
DAG File Processing Stats

File Path                                PID    Runtime      # DAGs    # Errors  Last Runtime    Last Run
---------------------------------------  -----  ---------  --------  ----------  --------------  -------------------
/opt/airflow/dags/olist_pipeline_dag.py                           1           0  0.21s           2026-07-13T12:47:52
================================================================================
[2026-07-13T12:48:46.481+0000] {manager.py:878} INFO - 
================================================================================
DAG File Processing Stats

File Path                                PID    Runtime      # DAGs    # Errors  Last Runtime    Last Run
---------------------------------------  -----  ---------  --------  ----------  --------------  -------------------
/opt/airflow/dags/olist_pipeline_dag.py                           1           0  0.21s           2026-07-13T12:48:23
================================================================================
[2026-07-13T12:49:15.959+0000] {manager.py:878} INFO - 
================================================================================
DAG File Processing Stats

File Path                                PID    Runtime      # DAGs    # Errors  Last Runtime    Last Run
---------------------------------------  -----  ---------  --------  ----------  --------------  -------------------
/opt/airflow/dags/olist_pipeline_dag.py                           1           0  0.21s           2026-07-13T12:48:54
================================================================================
[2026-07-13T12:49:46.096+0000] {manager.py:878} INFO - 
================================================================================
DAG File Processing Stats

File Path                                PID    Runtime      # DAGs    # Errors  Last Runtime    Last Run
---------------------------------------  -----  ---------  --------  ----------  --------------  -------------------
/opt/airflow/dags/olist_pipeline_dag.py                           1           0  0.21s           2026-07-13T12:49:25
================================================================================
[2026-07-13T12:50:15.481+0000] {manager.py:878} INFO - 
================================================================================
DAG File Processing Stats

File Path                                PID    Runtime      # DAGs    # Errors  Last Runtime    Last Run
---------------------------------------  -----  ---------  --------  ----------  --------------  -------------------
/opt/airflow/dags/olist_pipeline_dag.py                           1           0  0.21s           2026-07-13T12:49:58
================================================================================
[2026-07-13T12:50:44.861+0000] {manager.py:878} INFO - 
================================================================================
DAG File Processing Stats

File Path                                PID    Runtime      # DAGs    # Errors  Last Runtime    Last Run
---------------------------------------  -----  ---------  --------  ----------  --------------  -------------------
/opt/airflow/dags/olist_pipeline_dag.py                           1           0  0.21s           2026-07-13T12:50:28
================================================================================
[2026-07-13T12:51:12.182+0000] {manager.py:737} INFO - Searching for files in /opt/airflow/dags
[2026-07-13T12:51:12.199+0000] {manager.py:740} INFO - There are 1 files in /opt/airflow/dags
[2026-07-13T12:51:14.323+0000] {manager.py:878} INFO - 
================================================================================
DAG File Processing Stats

File Path                                PID    Runtime      # DAGs    # Errors  Last Runtime    Last Run
---------------------------------------  -----  ---------  --------  ----------  --------------  -------------------
/opt/airflow/dags/olist_pipeline_dag.py                           1           0  0.21s           2026-07-13T12:50:59
================================================================================
[2026-07-13T12:51:43.691+0000] {manager.py:878} INFO - 
================================================================================
DAG File Processing Stats

File Path                                PID    Runtime      # DAGs    # Errors  Last Runtime    Last Run
---------------------------------------  -----  ---------  --------  ----------  --------------  -------------------
/opt/airflow/dags/olist_pipeline_dag.py                           1           0  0.21s           2026-07-13T12:51:29
================================================================================
[2026-07-13T12:52:13.078+0000] {manager.py:878} INFO - 
================================================================================
DAG File Processing Stats

File Path                                PID    Runtime      # DAGs    # Errors  Last Runtime    Last Run
---------------------------------------  -----  ---------  --------  ----------  --------------  -------------------
/opt/airflow/dags/olist_pipeline_dag.py                           1           0  0.21s           2026-07-13T12:52:00
================================================================================
[2026-07-13T12:52:42.551+0000] {manager.py:878} INFO - 
================================================================================
DAG File Processing Stats

File Path                                PID    Runtime      # DAGs    # Errors  Last Runtime    Last Run
---------------------------------------  -----  ---------  --------  ----------  --------------  -------------------
/opt/airflow/dags/olist_pipeline_dag.py                           1           0  0.11s           2026-07-13T12:52:30
================================================================================
[2026-07-13T12:53:17.510+0000] {manager.py:878} INFO - 
================================================================================
DAG File Processing Stats

File Path                                PID    Runtime      # DAGs    # Errors  Last Runtime    Last Run
---------------------------------------  -----  ---------  --------  ----------  --------------  -------------------
/opt/airflow/dags/olist_pipeline_dag.py                           1           0  0.42s           2026-07-13T12:53:01
================================================================================
[2026-07-13T12:53:49.089+0000] {manager.py:878} INFO - 
================================================================================
DAG File Processing Stats

File Path                                PID    Runtime      # DAGs    # Errors  Last Runtime    Last Run
---------------------------------------  -----  ---------  --------  ----------  --------------  -------------------
/opt/airflow/dags/olist_pipeline_dag.py                           1           0  0.42s           2026-07-13T12:53:49
================================================================================
[2026-07-13T12:54:18.939+0000] {manager.py:878} INFO - 
================================================================================
DAG File Processing Stats

File Path                                PID    Runtime      # DAGs    # Errors  Last Runtime    Last Run
---------------------------------------  -----  ---------  --------  ----------  --------------  -------------------
/opt/airflow/dags/olist_pipeline_dag.py                           1           0  0.42s           2026-07-13T12:53:49
================================================================================
[2026-07-13T12:54:48.205+0000] {manager.py:878} INFO - 
================================================================================
DAG File Processing Stats

File Path                                PID    Runtime      # DAGs    # Errors  Last Runtime    Last Run
---------------------------------------  -----  ---------  --------  ----------  --------------  -------------------
/opt/airflow/dags/olist_pipeline_dag.py                           1           0  0.21s           2026-07-13T12:54:20
================================================================================
[2026-07-13T12:55:17.518+0000] {manager.py:878} INFO - 
================================================================================
DAG File Processing Stats

File Path                                PID    Runtime      # DAGs    # Errors  Last Runtime    Last Run
---------------------------------------  -----  ---------  --------  ----------  --------------  -------------------
/opt/airflow/dags/olist_pipeline_dag.py                           1           0  0.21s           2026-07-13T12:54:51
================================================================================
[2026-07-13T12:55:46.772+0000] {manager.py:878} INFO - 
================================================================================
DAG File Processing Stats

File Path                                PID    Runtime      # DAGs    # Errors  Last Runtime    Last Run
---------------------------------------  -----  ---------  --------  ----------  --------------  -------------------
/opt/airflow/dags/olist_pipeline_dag.py                           1           0  0.21s           2026-07-13T12:55:22
================================================================================
[2026-07-13T12:56:12.285+0000] {manager.py:737} INFO - Searching for files in /opt/airflow/dags
[2026-07-13T12:56:11.860+0000] {manager.py:740} INFO - There are 1 files in /opt/airflow/dags
[2026-07-13T12:56:16.041+0000] {manager.py:878} INFO - 
================================================================================
DAG File Processing Stats

File Path                                PID    Runtime      # DAGs    # Errors  Last Runtime    Last Run
---------------------------------------  -----  ---------  --------  ----------  --------------  -------------------
/opt/airflow/dags/olist_pipeline_dag.py                           1           0  0.21s           2026-07-13T12:55:52
================================================================================
[2026-07-13T12:56:45.334+0000] {manager.py:878} INFO - 
================================================================================
DAG File Processing Stats

File Path                                PID    Runtime      # DAGs    # Errors  Last Runtime    Last Run
---------------------------------------  -----  ---------  --------  ----------  --------------  -------------------
/opt/airflow/dags/olist_pipeline_dag.py                           1           0  0.20s           2026-07-13T12:56:23
================================================================================
[2026-07-13T12:57:14.657+0000] {manager.py:878} INFO - 
================================================================================
DAG File Processing Stats

File Path                                PID    Runtime      # DAGs    # Errors  Last Runtime    Last Run
---------------------------------------  -----  ---------  --------  ----------  --------------  -------------------
/opt/airflow/dags/olist_pipeline_dag.py                           1           0  0.62s           2026-07-13T12:56:54
================================================================================
[2026-07-13T12:57:43.948+0000] {manager.py:878} INFO - 
================================================================================
DAG File Processing Stats

File Path                                PID    Runtime      # DAGs    # Errors  Last Runtime    Last Run
---------------------------------------  -----  ---------  --------  ----------  --------------  -------------------
/opt/airflow/dags/olist_pipeline_dag.py                           1           0  1.35s           2026-07-13T12:57:26
================================================================================
[2026-07-13T12:58:13.244+0000] {manager.py:878} INFO - 
================================================================================
DAG File Processing Stats

File Path                                PID    Runtime      # DAGs    # Errors  Last Runtime    Last Run
---------------------------------------  -----  ---------  --------  ----------  --------------  -------------------
/opt/airflow/dags/olist_pipeline_dag.py                           1           0  0.52s           2026-07-13T12:57:57
================================================================================
[2026-07-13T12:58:42.689+0000] {manager.py:878} INFO - 
================================================================================
DAG File Processing Stats

File Path                                PID    Runtime      # DAGs    # Errors  Last Runtime    Last Run
---------------------------------------  -----  ---------  --------  ----------  --------------  -------------------
/opt/airflow/dags/olist_pipeline_dag.py                           1           0  0.94s           2026-07-13T12:58:29
================================================================================
[2026-07-13T12:59:39.229+0000] {manager.py:452} INFO - Exiting gracefully upon receiving signal 15
[2026-07-13T12:59:41.831+0000] {manager.py:470} INFO - Processing files using up to 1 processes at a time 
[2026-07-13T12:59:41.833+0000] {manager.py:471} INFO - Process each file at most once every 30 seconds
[2026-07-13T12:59:41.835+0000] {manager.py:472} INFO - Checking for new files in /opt/airflow/dags every 300 seconds
[2026-07-13T12:59:41.837+0000] {manager.py:737} INFO - Searching for files in /opt/airflow/dags
[2026-07-13T12:59:41.882+0000] {manager.py:740} INFO - There are 1 files in /opt/airflow/dags
[2026-07-13T12:59:43.229+0000] {manager.py:878} INFO - 
================================================================================
DAG File Processing Stats

File Path                                PID    Runtime      # DAGs    # Errors  Last Runtime    Last Run
---------------------------------------  -----  ---------  --------  ----------  --------------  -------------------
/opt/airflow/dags/olist_pipeline_dag.py                           1           0  0.93s           2026-07-13T12:59:43
================================================================================
[2026-07-13T13:00:32.603+0000] {manager.py:878} INFO - 
================================================================================
DAG File Processing Stats

File Path                                PID    Runtime      # DAGs    # Errors  Last Runtime    Last Run
---------------------------------------  -----  ---------  --------  ----------  --------------  -------------------
/opt/airflow/dags/olist_pipeline_dag.py                           1           0  0.31s           2026-07-13T13:00:32
================================================================================
[2026-07-13T13:01:03.183+0000] {manager.py:878} INFO - 
================================================================================
DAG File Processing Stats

File Path                                PID    Runtime      # DAGs    # Errors  Last Runtime    Last Run
---------------------------------------  -----  ---------  --------  ----------  --------------  -------------------
/opt/airflow/dags/olist_pipeline_dag.py                           1           0  0.31s           2026-07-13T13:01:03
================================================================================
[2026-07-13T13:01:32.978+0000] {manager.py:878} INFO - 
================================================================================
DAG File Processing Stats

File Path                                PID    Runtime      # DAGs    # Errors  Last Runtime    Last Run
---------------------------------------  -----  ---------  --------  ----------  --------------  -------------------
/opt/airflow/dags/olist_pipeline_dag.py                           1           0  0.31s           2026-07-13T13:01:03
================================================================================
[2026-07-13T13:02:02.212+0000] {manager.py:878} INFO - 
================================================================================
DAG File Processing Stats

File Path                                PID    Runtime      # DAGs    # Errors  Last Runtime    Last Run
---------------------------------------  -----  ---------  --------  ----------  --------------  -------------------
/opt/airflow/dags/olist_pipeline_dag.py                           1           0  0.31s           2026-07-13T13:01:33
================================================================================
[2026-07-13T13:02:32.165+0000] {manager.py:878} INFO - 
================================================================================
DAG File Processing Stats

File Path                                PID    Runtime      # DAGs    # Errors  Last Runtime    Last Run
---------------------------------------  -----  ---------  --------  ----------  --------------  -------------------
/opt/airflow/dags/olist_pipeline_dag.py                           1           0  0.22s           2026-07-13T13:02:03
================================================================================
[2026-07-13T13:03:01.666+0000] {manager.py:878} INFO - 
================================================================================
DAG File Processing Stats

File Path                                PID    Runtime      # DAGs    # Errors  Last Runtime    Last Run
---------------------------------------  -----  ---------  --------  ----------  --------------  -------------------
/opt/airflow/dags/olist_pipeline_dag.py                           1           0  0.21s           2026-07-13T13:02:34
================================================================================
[2026-07-13T13:03:30.947+0000] {manager.py:878} INFO - 
================================================================================
DAG File Processing Stats

File Path                                PID    Runtime      # DAGs    # Errors  Last Runtime    Last Run
---------------------------------------  -----  ---------  --------  ----------  --------------  -------------------
/opt/airflow/dags/olist_pipeline_dag.py                           1           0  0.55s           2026-07-13T13:03:05
================================================================================
[2026-07-13T13:04:00.604+0000] {manager.py:878} INFO - 
================================================================================
DAG File Processing Stats

File Path                                PID    Runtime      # DAGs    # Errors  Last Runtime    Last Run
---------------------------------------  -----  ---------  --------  ----------  --------------  -------------------
/opt/airflow/dags/olist_pipeline_dag.py                           1           0  0.21s           2026-07-13T13:03:36
================================================================================
[2026-07-13T13:04:29.874+0000] {manager.py:878} INFO - 
================================================================================
DAG File Processing Stats

File Path                                PID    Runtime      # DAGs    # Errors  Last Runtime    Last Run
---------------------------------------  -----  ---------  --------  ----------  --------------  -------------------
/opt/airflow/dags/olist_pipeline_dag.py                           1           0  1.04s           2026-07-13T13:04:10
================================================================================
[2026-07-13T13:04:42.117+0000] {manager.py:737} INFO - Searching for files in /opt/airflow/dags
[2026-07-13T13:04:42.134+0000] {manager.py:740} INFO - There are 1 files in /opt/airflow/dags
[2026-07-13T13:04:59.127+0000] {manager.py:878} INFO - 
================================================================================
DAG File Processing Stats

File Path                                PID    Runtime      # DAGs    # Errors  Last Runtime    Last Run
---------------------------------------  -----  ---------  --------  ----------  --------------  -------------------
/opt/airflow/dags/olist_pipeline_dag.py                           1           0  0.21s           2026-07-13T13:04:41
================================================================================
[2026-07-13T13:05:28.538+0000] {manager.py:878} INFO - 
================================================================================
DAG File Processing Stats

File Path                                PID    Runtime      # DAGs    # Errors  Last Runtime    Last Run
---------------------------------------  -----  ---------  --------  ----------  --------------  -------------------
/opt/airflow/dags/olist_pipeline_dag.py                           1           0  0.21s           2026-07-13T13:05:11
================================================================================
[2026-07-13T13:05:58.107+0000] {manager.py:878} INFO - 
================================================================================
DAG File Processing Stats

File Path                                PID    Runtime      # DAGs    # Errors  Last Runtime    Last Run
---------------------------------------  -----  ---------  --------  ----------  --------------  -------------------
/opt/airflow/dags/olist_pipeline_dag.py                           1           0  0.21s           2026-07-13T13:05:41
================================================================================
[2026-07-13T13:06:27.469+0000] {manager.py:878} INFO - 
================================================================================
DAG File Processing Stats

File Path                                PID    Runtime      # DAGs    # Errors  Last Runtime    Last Run
---------------------------------------  -----  ---------  --------  ----------  --------------  -------------------
/opt/airflow/dags/olist_pipeline_dag.py                           1           0  0.21s           2026-07-13T13:06:12
================================================================================
[2026-07-13T13:06:56.983+0000] {manager.py:878} INFO - 
================================================================================
DAG File Processing Stats

File Path                                PID    Runtime      # DAGs    # Errors  Last Runtime    Last Run
---------------------------------------  -----  ---------  --------  ----------  --------------  -------------------
/opt/airflow/dags/olist_pipeline_dag.py                           1           0  0.21s           2026-07-13T13:06:42
================================================================================
[2026-07-13T13:07:26.580+0000] {manager.py:878} INFO - 
================================================================================
DAG File Processing Stats

File Path                                PID    Runtime      # DAGs    # Errors  Last Runtime    Last Run
---------------------------------------  -----  ---------  --------  ----------  --------------  -------------------
/opt/airflow/dags/olist_pipeline_dag.py                           1           0  0.31s           2026-07-13T13:07:13
================================================================================
[2026-07-13T13:07:55.874+0000] {manager.py:878} INFO - 
================================================================================
DAG File Processing Stats

File Path                                PID    Runtime      # DAGs    # Errors  Last Runtime    Last Run
---------------------------------------  -----  ---------  --------  ----------  --------------  -------------------
/opt/airflow/dags/olist_pipeline_dag.py                           1           0  1.21s           2026-07-13T13:07:45
================================================================================
[2026-07-13T13:08:25.415+0000] {manager.py:878} INFO - 
================================================================================
DAG File Processing Stats

File Path                                PID    Runtime      # DAGs    # Errors  Last Runtime    Last Run
---------------------------------------  -----  ---------  --------  ----------  --------------  -------------------
/opt/airflow/dags/olist_pipeline_dag.py                           1           0  0.41s           2026-07-13T13:08:16
================================================================================
[2026-07-13T13:21:03.238+0000] {manager.py:470} INFO - Processing files using up to 1 processes at a time 
[2026-07-13T13:21:03.266+0000] {manager.py:471} INFO - Process each file at most once every 30 seconds
[2026-07-13T13:21:03.367+0000] {manager.py:472} INFO - Checking for new files in /opt/airflow/dags every 300 seconds
[2026-07-13T13:21:03.462+0000] {manager.py:737} INFO - Searching for files in /opt/airflow/dags
[2026-07-13T13:21:05.656+0000] {manager.py:740} INFO - There are 1 files in /opt/airflow/dags
[2026-07-13T13:21:10.453+0000] {manager.py:878} INFO - 
================================================================================
DAG File Processing Stats

File Path                                PID    Runtime      # DAGs    # Errors  Last Runtime    Last Run
---------------------------------------  -----  ---------  --------  ----------  --------------  -------------------
/opt/airflow/dags/olist_pipeline_dag.py                           1           0  0.87s           2026-07-13T13:21:10
================================================================================
[2026-07-13T13:22:25.451+0000] {manager.py:452} INFO - Exiting gracefully upon receiving signal 15
[2026-07-13T13:22:27.383+0000] {manager.py:470} INFO - Processing files using up to 1 processes at a time 
[2026-07-13T13:22:27.384+0000] {manager.py:471} INFO - Process each file at most once every 30 seconds
[2026-07-13T13:22:27.385+0000] {manager.py:472} INFO - Checking for new files in /opt/airflow/dags every 300 seconds
[2026-07-13T13:22:27.386+0000] {manager.py:737} INFO - Searching for files in /opt/airflow/dags
[2026-07-13T13:22:27.407+0000] {manager.py:740} INFO - There are 1 files in /opt/airflow/dags
[2026-07-13T13:22:28.004+0000] {manager.py:878} INFO - 
================================================================================
DAG File Processing Stats

File Path                                PID    Runtime      # DAGs    # Errors  Last Runtime    Last Run
---------------------------------------  -----  ---------  --------  ----------  --------------  -------------------
/opt/airflow/dags/olist_pipeline_dag.py                           1           0  0.51s           2026-07-13T13:22:27
================================================================================
[2026-07-13T13:22:57.563+0000] {manager.py:878} INFO - 
================================================================================
DAG File Processing Stats

File Path                                PID    Runtime      # DAGs    # Errors  Last Runtime    Last Run
---------------------------------------  -----  ---------  --------  ----------  --------------  -------------------
/opt/airflow/dags/olist_pipeline_dag.py                           1           0  0.51s           2026-07-13T13:22:27
================================================================================
[2026-07-13T13:23:27.325+0000] {manager.py:878} INFO - 
================================================================================
DAG File Processing Stats

File Path                                PID    Runtime      # DAGs    # Errors  Last Runtime    Last Run
---------------------------------------  -----  ---------  --------  ----------  --------------  -------------------
/opt/airflow/dags/olist_pipeline_dag.py                           1           0  0.21s           2026-07-13T13:22:58
================================================================================
[2026-07-13T13:23:57.389+0000] {manager.py:878} INFO - 
================================================================================
DAG File Processing Stats

File Path                                PID    Runtime      # DAGs    # Errors  Last Runtime    Last Run
---------------------------------------  -----  ---------  --------  ----------  --------------  -------------------
/opt/airflow/dags/olist_pipeline_dag.py                           1           0  0.22s           2026-07-13T13:23:29
================================================================================
[2026-07-13T13:24:26.697+0000] {manager.py:878} INFO - 
================================================================================
DAG File Processing Stats

File Path                                PID    Runtime      # DAGs    # Errors  Last Runtime    Last Run
---------------------------------------  -----  ---------  --------  ----------  --------------  -------------------
/opt/airflow/dags/olist_pipeline_dag.py                           1           0  0.21s           2026-07-13T13:24:00
================================================================================
[2026-07-13T13:31:39.981+0000] {manager.py:452} INFO - Exiting gracefully upon receiving signal 15
